<?xml version="1.0" encoding="UTF-8"?>
<testng-results ignored="0" total="1" passed="1" failed="0" skipped="0">
  <reporter-output>
  </reporter-output>
  <suite started-at="2025-05-02T20:23:12 IST" name="Default suite" finished-at="2025-05-02T20:23:14 IST" duration-ms="1753">
    <groups>
    </groups>
    <test started-at="2025-05-02T20:23:12 IST" name="Default test" finished-at="2025-05-02T20:23:14 IST" duration-ms="1753">
      <class name="testCases.LoginFb">
        <test-method is-config="true" signature="LoginFacebook()[pri:0, instance:testCases.LoginFb@4116aac9]" started-at="2025-05-02T20:23:05 IST" name="LoginFacebook" finished-at="2025-05-02T20:23:12 IST" duration-ms="6979" status="PASS">
          <reporter-output>
          </reporter-output>
        </test-method> <!-- LoginFacebook -->
        <test-method signature="LoginFacebooks()[pri:0, instance:testCases.LoginFb@4116aac9]" started-at="2025-05-02T20:23:12 IST" name="LoginFacebooks" finished-at="2025-05-02T20:23:14 IST" duration-ms="1699" status="PASS">
          <reporter-output>
          </reporter-output>
        </test-method> <!-- LoginFacebooks -->
        <test-method is-config="true" signature="LoginFacebookss()[pri:0, instance:testCases.LoginFb@4116aac9]" started-at="2025-05-02T20:23:14 IST" name="LoginFacebookss" finished-at="2025-05-02T20:23:16 IST" duration-ms="1817" status="PASS">
          <reporter-output>
          </reporter-output>
        </test-method> <!-- LoginFacebookss -->
      </class> <!-- testCases.LoginFb -->
    </test> <!-- Default test -->
  </suite> <!-- Default suite -->
</testng-results>
